<?xml version="1.0" encoding="UTF-8"?>
<!-- Generated by org.testng.reporters.JUnitReportReporter -->
<testsuite hostname="LAPTOP-2122UIPD" failures="0" tests="1" name="testRunOptions.TestNGTestRunnuer" time="186.345" errors="0" timestamp="2023-08-25T15:16:21 IST" skipped="0">
  <testcase classname="testRunOptions.TestNGTestRunnuer" name="runScenario" time="186.345"/>
</testsuite> <!-- testRunOptions.TestNGTestRunnuer -->
